<?xml version="1.0" encoding="UTF-8"?>
<testsuite xmlns:xsi="http://www.w3.org/2001/XMLSchema-instance" xsi:noNamespaceSchemaLocation="https://maven.apache.org/surefire/maven-surefire-plugin/xsd/surefire-test-report.xsd" version="3.0.2" name="com.shotah.hytale.plugins.serverbridge.ServerBridgeConfigTest" time="0.1" tests="9" errors="0" skipped="0" failures="0">
  <properties>
[...]
</properties>
  <testcase name="defaults_commandPollIsOneSecond" classname="com.shotah.hytale.plugins.serverbridge.ServerBridgeConfigTest" time="0.016"/>
  <testcase name="roundTrip_preservesValues(Path)" classname="com.shotah.hytale.plugins.serverbridge.ServerBridgeConfigTest" time="0.059"/>
  <testcase name="load_readsCustomValues(Path)" classname="com.shotah.hytale.plugins.serverbridge.ServerBridgeConfigTest" time="0.007"/>
  <testcase name="load_returnsDefaultsWhenMissing(Path)" classname="com.shotah.hytale.plugins.serverbridge.ServerBridgeConfigTest" time="0.002"/>
  <testcase name="defaults_statusFileName" classname="com.shotah.hytale.plugins.serverbridge.ServerBridgeConfigTest" time="0.001"/>
  <testcase name="defaults_statusIntervalIsFiveSeconds" classname="com.shotah.hytale.plugins.serverbridge.ServerBridgeConfigTest" time="0.0"/>
  <testcase name="defaults_statusEnabled" classname="com.shotah.hytale.plugins.serverbridge.ServerBridgeConfigTest" time="0.001"/>
  <testcase name="defaults_commandsFileName" classname="com.shotah.hytale.plugins.serverbridge.ServerBridgeConfigTest" time="0.001"/>
  <testcase name="defaults_commandsEnabled" classname="com.shotah.hytale.plugins.serverbridge.ServerBridgeConfigTest" time="0.0"/>
</testsuite>